app/build/intermediates/manifest_merge_blame_file/release/manifest-merger-blame-release-report.txt
1<?xml version="1.0" encoding="utf-8"?>
2<manifest xmlns:android="http://schemas.android.com/apk/res/android"
3    package="com.yerdanksa.rejshth"
4    android:versionCode="1"
5    android:versionName="1.0" >
6
7    <uses-sdk
8        android:minSdkVersion="17"
8-->src/main/AndroidManifest.xml
9        android:targetSdkVersion="31" />
9-->src/main/AndroidManifest.xml
10
11    <application
11-->src/main/AndroidManifest.xml:5:5-35:19
12        android:name="androidx.multidex.MultiDexApplication"
13        android:allowBackup="true"
13-->src/main/AndroidManifest.xml:6:9-35
14        android:appComponentFactory="androidx.core.app.CoreComponentFactory"
14-->[androidx.core:core:1.7.0] AndroidManifest.xml:24:18-86
15        android:icon="@drawable/logo"
15-->src/main/AndroidManifest.xml:7:9-38
16        android:label="@string/app_name"
16-->src/main/AndroidManifest.xml:8:9-41
17        android:roundIcon="@drawable/logo"
17-->src/main/AndroidManifest.xml:9:9-43
18        android:supportsRtl="true"
18-->src/main/AndroidManifest.xml:10:9-35
19        android:theme="@style/Theme.PyIDE" >
19-->src/main/AndroidManifest.xml:11:9-43
20        <activity
20-->src/main/AndroidManifest.xml:12:9-20:20
21            android:name="com.yerdanksa.rejshth.splashscreen"
21-->src/main/AndroidManifest.xml:13:13-62
22            android:exported="true" >
22-->src/main/AndroidManifest.xml:14:13-36
23            <intent-filter>
23-->src/main/AndroidManifest.xml:15:13-19:29
24                <action android:name="android.intent.action.MAIN" />
24-->src/main/AndroidManifest.xml:16:17-69
24-->src/main/AndroidManifest.xml:16:25-66
25
26                <category android:name="android.intent.category.LAUNCHER" />
26-->src/main/AndroidManifest.xml:18:17-77
26-->src/main/AndroidManifest.xml:18:27-74
27            </intent-filter>
28        </activity>
29        <activity
29-->src/main/AndroidManifest.xml:21:9-24:45
30            android:name="com.yerdanksa.rejshth.code"
30-->src/main/AndroidManifest.xml:22:13-54
31            android:exported="false" />
31-->src/main/AndroidManifest.xml:23:13-37
32        <activity
32-->src/main/AndroidManifest.xml:25:9-28:45
33            android:name="com.yerdanksa.rejshth.AboutActivity"
33-->src/main/AndroidManifest.xml:26:13-63
34            android:exported="false" />
34-->src/main/AndroidManifest.xml:27:13-37
35        <activity
35-->src/main/AndroidManifest.xml:29:9-34:20
36            android:name="com.yerdanksa.rejshth.MainActivity"
36-->src/main/AndroidManifest.xml:30:13-62
37            android:exported="false" >
37-->src/main/AndroidManifest.xml:31:13-37
38        </activity>
39
40        <provider
40-->[androidx.emoji2:emoji2:1.0.0] AndroidManifest.xml:26:9-34:20
41            android:name="androidx.startup.InitializationProvider"
41-->[androidx.emoji2:emoji2:1.0.0] AndroidManifest.xml:27:13-67
42            android:authorities="com.yerdanksa.rejshth.androidx-startup"
42-->[androidx.emoji2:emoji2:1.0.0] AndroidManifest.xml:28:13-68
43            android:exported="false" >
43-->[androidx.emoji2:emoji2:1.0.0] AndroidManifest.xml:29:13-37
44            <meta-data
44-->[androidx.emoji2:emoji2:1.0.0] AndroidManifest.xml:31:13-33:52
45                android:name="androidx.emoji2.text.EmojiCompatInitializer"
45-->[androidx.emoji2:emoji2:1.0.0] AndroidManifest.xml:32:17-75
46                android:value="androidx.startup" />
46-->[androidx.emoji2:emoji2:1.0.0] AndroidManifest.xml:33:17-49
47            <meta-data
47-->[androidx.lifecycle:lifecycle-process:2.4.0] AndroidManifest.xml:31:13-33:52
48                android:name="androidx.lifecycle.ProcessLifecycleInitializer"
48-->[androidx.lifecycle:lifecycle-process:2.4.0] AndroidManifest.xml:32:17-78
49                android:value="androidx.startup" />
49-->[androidx.lifecycle:lifecycle-process:2.4.0] AndroidManifest.xml:33:17-49
50        </provider>
51    </application>
52
53</manifest>